Client: Docker Engine - Community
 Version:    25.0.2
 Context:    default
 Debug Mode: false
 Plugins:
  buildx: Docker Buildx (Docker Inc.)
    Version:  v0.12.1
    Path:     /usr/libexec/docker/cli-plugins/docker-buildx
  compose: Docker Compose (Docker Inc.)
    Version:  v2.24.5
    Path:     /usr/libexec/docker/cli-plugins/docker-compose

Server:
 Containers: 3
  Running: 2
  Paused: 0
  Stopped: 1
 Images: 3
 Server Version: 25.0.2
 Storage Driver: overlay2
  Backing Filesystem: extfs
  Supports d_type: true
  Using metacopy: false
  Native Overlay Diff: true
  userxattr: false
 Logging Driver: json-file
 Cgroup Driver: systemd
 Cgroup Version: 2
 Plugins:
  Volume: local
  Network: bridge host ipvlan macvlan null overlay
  Log: awslogs fluentd gcplogs gelf journald json-file local splunk syslog
 Swarm: inactive
 Runtimes: io.containerd.runc.v2 runc
 Default Runtime: runc
 Init Binary: docker-init
 containerd version: ae07eda36dd25f8a1b98dfbf587313b99c0190bb
 runc version: v1.1.12-0-g51d5e94
 init version: de40ad0
 Security Options:
  apparmor
  seccomp
   Profile: builtin
  cgroupns
 Kernel Version: 6.1.0-17-amd64
 Operating System: Debian GNU/Linux 12 (bookworm)
 OSType: linux
 Architecture: x86_64
 CPUs: 1
 Total Memory: 1.921GiB
 Name: 2F7
 ID: acebdf85-dfb3-4f71-aa8a-ea19409d02bd
 Docker Root Dir: /var/lib/docker
 Debug Mode: false
 Experimental: false
 Insecure Registries:
  127.0.0.0/8
 Live Restore Enabled: false

