 Container nginx  Stopping
 Container nginx  Stopped
 Container nginx  Removing
 Container nginx  Removed
 Container wordpress  Stopping
 Container wordpress  Stopped
 Container wordpress  Removing
 Container wordpress  Removed
 Container mariadb  Stopping
 Container mariadb  Stopped
 Container mariadb  Removing
 Container mariadb  Removed
 Network srcs_inception  Removing
 Network srcs_inception  Removed
Error response from daemon: No such image: srcs-nginx:latest
Error response from daemon: No such image: srcs-mariadb:latest
Error response from daemon: No such image: srcs-wordpress:latest
"docker volume rm" requires at least 1 argument.
See 'docker volume rm --help'.

Usage:  docker volume rm [OPTIONS] VOLUME [VOLUME...]

Remove one or more volumes
Error response from daemon: No such image: srcs-nginx:latest
Error response from daemon: No such image: srcs-mariadb:latest
Error response from daemon: No such image: srcs-wordpress:latest
"docker volume rm" requires at least 1 argument.
See 'docker volume rm --help'.

Usage:  docker volume rm [OPTIONS] VOLUME [VOLUME...]

Remove one or more volumes
Error response from daemon: No such image: srcs-nginx:latest
Error response from daemon: No such image: srcs-mariadb:latest
Error response from daemon: No such image: srcs-wordpress:latest
"docker volume rm" requires at least 1 argument.
See 'docker volume rm --help'.

Usage:  docker volume rm [OPTIONS] VOLUME [VOLUME...]

Remove one or more volumes
Error response from daemon: No such image: srcs-nginx:latest
Error response from daemon: No such image: srcs-mariadb:latest
Error response from daemon: No such image: srcs-wordpress:latest
"docker volume rm" requires at least 1 argument.
See 'docker volume rm --help'.

Usage:  docker volume rm [OPTIONS] VOLUME [VOLUME...]

Remove one or more volumes
Error response from daemon: No such image: srcs-nginx:latest
Error response from daemon: No such image: srcs-mariadb:latest
Error response from daemon: No such image: srcs-wordpress:latest
"docker volume rm" requires at least 1 argument.
See 'docker volume rm --help'.

Usage:  docker volume rm [OPTIONS] VOLUME [VOLUME...]

Remove one or more volumes
Error response from daemon: No such image: srcs-nginx:latest
Error response from daemon: No such image: srcs-mariadb:latest
Error response from daemon: No such image: srcs-wordpress:latest
"docker volume rm" requires at least 1 argument.
See 'docker volume rm --help'.

Usage:  docker volume rm [OPTIONS] VOLUME [VOLUME...]

Remove one or more volumes
Error response from daemon: No such image: srcs-nginx:latest
Error response from daemon: No such image: srcs-mariadb:latest
Error response from daemon: No such image: srcs-wordpress:latest
"docker volume rm" requires at least 1 argument.
See 'docker volume rm --help'.

Usage:  docker volume rm [OPTIONS] VOLUME [VOLUME...]

Remove one or more volumes
Error response from daemon: No such image: srcs-nginx:latest
Error response from daemon: No such image: srcs-mariadb:latest
Error response from daemon: No such image: srcs-wordpress:latest
"docker volume rm" requires at least 1 argument.
See 'docker volume rm --help'.

Usage:  docker volume rm [OPTIONS] VOLUME [VOLUME...]

Remove one or more volumes
make[1]: [Makefile:61: clean] Error 1 (ignored)
Error response from daemon: No such image: srcs-nginx:latest
Error response from daemon: No such image: srcs-mariadb:latest
Error response from daemon: No such image: srcs-wordpress:latest
"docker volume rm" requires at least 1 argument.
See 'docker volume rm --help'.

Usage:  docker volume rm [OPTIONS] VOLUME [VOLUME...]

Remove one or more volumes
Error response from daemon: No such image: srcs-nginx:latest
Error response from daemon: No such image: srcs-mariadb:latest
Error response from daemon: No such image: srcs-wordpress:latest
"docker volume rm" requires at least 1 argument.
See 'docker volume rm --help'.

Usage:  docker volume rm [OPTIONS] VOLUME [VOLUME...]

Remove one or more volumes
make[1]: [Makefile:61: clean] Error 1 (ignored)
 Container nginx  Stopping
 Container nginx  Stopped
 Container nginx  Removing
 Container nginx  Removed
 Container wordpress  Stopping
 Container wordpress  Stopped
 Container wordpress  Removing
 Container wordpress  Removed
 Container mariadb  Stopping
 Container mariadb  Stopped
 Container mariadb  Removing
 Container mariadb  Removed
 Network srcs_inception  Removing
 Network srcs_inception  Removed
